{"/Users/rebeccasolomon/Documents/coursework/week_07/day_02/jest_Calculator/calculator.js": {"path":"/Users/rebeccasolomon/Documents/coursework/week_07/day_02/jest_Calculator/calculator.js","statementMap":{"0":{"start":{"line":9,"column":19},"end":{"line":14,"column":1}},"1":{"start":{"line":10,"column":4},"end":{"line":12,"column":5}},"2":{"start":{"line":11,"column":8},"end":{"line":11,"column":33}},"3":{"start":{"line":16,"column":0},"end":{"line":16,"column":29}}},"fnMap":{"0":{"name":"(anonymous_0)","decl":{"start":{"line":9,"column":19},"end":{"line":9,"column":20}},"loc":{"start":{"line":9,"column":30},"end":{"line":14,"column":1}},"line":9},"1":{"name":"(anonymous_1)","decl":{"start":{"line":10,"column":15},"end":{"line":10,"column":16}},"loc":{"start":{"line":10,"column":42},"end":{"line":12,"column":5}},"line":10}},"branchMap":{},"s":{"0":1,"1":2,"2":2,"3":1},"f":{"0":2,"1":2},"b":{},"_coverageSchema":"1a1c01bbd47fc00a2c39e90264f33305004495a9","hash":"b556622f356d70f9485d74b6e5ae1e76ac383e3d"}
}
